<?xml version="1.0" encoding="UTF-8"?>
<!-- Generated by org.testng.reporters.JUnitXMLReporter -->
<testsuite ignored="1" hostname="Ritus-MacBook-Air.local" failures="1" tests="1" name="ChromeTest" time="5.602" errors="0" timestamp="2026-03-25T10:19:33 IST">
  <testcase classname="qa.test.processRun" name="goToAmazonWithChrome" time="2.7">
    <failure type="org.openqa.selenium.NoSuchWindowException" message="no such window: target window already closed
from unknown error: web view not found
  (Session info: chrome=146.0.7680.155)
Build info: version: &amp;apos;4.31.0&amp;apos;, revision: &amp;apos;1ef9f18787*&amp;apos;
System info: os.name: &amp;apos;Mac OS X&amp;apos;, os.arch: &amp;apos;aarch64&amp;apos;, os.version: &amp;apos;15.6.1&amp;apos;, java.version: &amp;apos;23.0.2&amp;apos;
Driver info: org.openqa.selenium.chrome.ChromeDriver
Command: [649a1767aa499349380a2ade82227f59, clickElement {id=f.95772A2CDBFCF409348B52A69D383A2C.d.488ED1981224D7A6D2FF78B7DD06FA3F.e.9}]
Capabilities {acceptInsecureCerts: false, browserName: chrome, browserVersion: 146.0.7680.155, chrome: {chromedriverVersion: 146.0.7680.165 (4b989da09e1..., userDataDir: /var/folders/yw/dwnj_77s7kj...}, fedcm:accounts: true, goog:chromeOptions: {debuggerAddress: localhost:51644}, goog:processID: 11247, networkConnectionEnabled: false, pageLoadStrategy: normal, platformName: mac, proxy: Proxy(), se:cdp: ws://localhost:51644/devtoo..., se:cdpVersion: 146.0.7680.155, setWindowRect: true, strictFileInteractability: false, timeouts: {implicit: 0, pageLoad: 300000, script: 30000}, unhandledPromptBehavior: dismiss and notify, webauthn:extension:credBlob: true, webauthn:extension:largeBlob: true, webauthn:extension:minPinLength: true, webauthn:extension:prf: true, webauthn:virtualAuthenticators: true}
Element: [[ChromeDriver: chrome on mac (649a1767aa499349380a2ade82227f59)] -&amp;gt; xpath: //div[@id=&amp;apos;nav-logo&amp;apos;]]
Session ID: 649a1767aa499349380a2ade82227f59">
      <![CDATA[org.openqa.selenium.NoSuchWindowException: no such window: target window already closed
from unknown error: web view not found
  (Session info: chrome=146.0.7680.155)
Build info: version: '4.31.0', revision: '1ef9f18787*'
System info: os.name: 'Mac OS X', os.arch: 'aarch64', os.version: '15.6.1', java.version: '23.0.2'
Driver info: org.openqa.selenium.chrome.ChromeDriver
Command: [649a1767aa499349380a2ade82227f59, clickElement {id=f.95772A2CDBFCF409348B52A69D383A2C.d.488ED1981224D7A6D2FF78B7DD06FA3F.e.9}]
Capabilities {acceptInsecureCerts: false, browserName: chrome, browserVersion: 146.0.7680.155, chrome: {chromedriverVersion: 146.0.7680.165 (4b989da09e1..., userDataDir: /var/folders/yw/dwnj_77s7kj...}, fedcm:accounts: true, goog:chromeOptions: {debuggerAddress: localhost:51644}, goog:processID: 11247, networkConnectionEnabled: false, pageLoadStrategy: normal, platformName: mac, proxy: Proxy(), se:cdp: ws://localhost:51644/devtoo..., se:cdpVersion: 146.0.7680.155, setWindowRect: true, strictFileInteractability: false, timeouts: {implicit: 0, pageLoad: 300000, script: 30000}, unhandledPromptBehavior: dismiss and notify, webauthn:extension:credBlob: true, webauthn:extension:largeBlob: true, webauthn:extension:minPinLength: true, webauthn:extension:prf: true, webauthn:virtualAuthenticators: true}
Element: [[ChromeDriver: chrome on mac (649a1767aa499349380a2ade82227f59)] -> xpath: //div[@id='nav-logo']]
Session ID: 649a1767aa499349380a2ade82227f59
at org.openqa.selenium.remote.ErrorCodec.decode(ErrorCodec.java:167)
at org.openqa.selenium.remote.codec.w3c.W3CHttpResponseCodec.decode(W3CHttpResponseCodec.java:138)
at org.openqa.selenium.remote.codec.w3c.W3CHttpResponseCodec.decode(W3CHttpResponseCodec.java:50)
at org.openqa.selenium.remote.HttpCommandExecutor.execute(HttpCommandExecutor.java:215)
at org.openqa.selenium.remote.service.DriverCommandExecutor.invokeExecute(DriverCommandExecutor.java:216)
at org.openqa.selenium.remote.service.DriverCommandExecutor.execute(DriverCommandExecutor.java:174)
at org.openqa.selenium.remote.RemoteWebDriver.execute(RemoteWebDriver.java:545)
at org.openqa.selenium.remote.RemoteWebElement.execute(RemoteWebElement.java:223)
at org.openqa.selenium.remote.RemoteWebElement.click(RemoteWebElement.java:76)
at pageEvents.FirstPage.randomFlowofAmazon(FirstPage.java:19)
at qa.test.processRun.goToAmazonWithChrome(processRun.java:17)
at java.base/java.util.ArrayList.forEach(ArrayList.java:1597)
at java.base/java.util.concurrent.FutureTask.run(FutureTask.java:317)
at java.base/java.util.concurrent.ThreadPoolExecutor.runWorker(ThreadPoolExecutor.java:1144)
at java.base/java.util.concurrent.ThreadPoolExecutor$Worker.run(ThreadPoolExecutor.java:642)
at java.base/java.lang.Thread.run(Thread.java:1575)
... Removed 18 stack frames]]>
    </failure>
  </testcase> <!-- goToAmazonWithChrome -->
  <testcase classname="qa.test.processRun" name="goToAmazonWithSafari" time="0.0">
    <ignored/>
  </testcase> <!-- goToAmazonWithSafari -->
</testsuite> <!-- ChromeTest -->
