<?xml version="1.0" encoding="UTF-8"?>
<!-- Generated by org.testng.reporters.JUnitXMLReporter -->
<testsuite ignored="1" hostname="Ritus-MacBook-Air.local" failures="0" tests="1" name="ChromeTest" time="8.559" errors="0" timestamp="2026-03-03T19:49:49 IST">
  <testcase classname="qa.test.processRun" name="goToAmazonWithChrome" time="6.816"/>
  <testcase classname="qa.test.processRun" name="goToAmazonWithSafari" time="0.0">
    <ignored/>
  </testcase> <!-- goToAmazonWithSafari -->
</testsuite> <!-- ChromeTest -->
