<?xml version="1.0" encoding="UTF-8"?>
<!-- Generated by org.testng.reporters.JUnitXMLReporter -->
<testsuite ignored="1" hostname="Ritus-MacBook-Air.local" failures="0" tests="1" name="SafariTest" time="7.13" errors="0" timestamp="2026-03-25T10:19:34 IST">
  <testcase classname="qa.test.processRun" name="goToAmazonWithSafari" time="5.02"/>
  <testcase classname="qa.test.processRun" name="goToAmazonWithChrome" time="0.0">
    <ignored/>
  </testcase> <!-- goToAmazonWithChrome -->
</testsuite> <!-- SafariTest -->
