<?xml version="1.0" encoding="UTF-8"?>
<!-- Generated by org.testng.reporters.JUnitXMLReporter -->
<testsuite ignored="0" hostname="Ritus-MacBook-Air.local" failures="2" tests="2" name="Test" time="0.196" errors="0" timestamp="2026-03-03T15:59:40 IST">
  <testcase classname="qa.test.processRun" name="goToAmazonWithChrome" time="0.0">
    <failure type="org.testng.TestNGException" message="
Parameter &amp;apos;chrome&amp;apos; is required by @Test on method goToAmazonWithChrome but has not been marked @Optional or defined
in /Users/rmaurya/git/repository/SeleniumFramework/testng1.xml">
      <![CDATA[org.testng.TestNGException: 
Parameter 'chrome' is required by @Test on method goToAmazonWithChrome but has not been marked @Optional or defined
in /Users/rmaurya/git/repository/SeleniumFramework/testng1.xml
at java.base/java.util.ArrayList.forEach(ArrayList.java:1597)
at java.base/java.util.concurrent.FutureTask.run(FutureTask.java:317)
at java.base/java.util.concurrent.ThreadPoolExecutor.runWorker(ThreadPoolExecutor.java:1144)
at java.base/java.util.concurrent.ThreadPoolExecutor$Worker.run(ThreadPoolExecutor.java:642)
at java.base/java.lang.Thread.run(Thread.java:1575)
... Removed 16 stack frames]]>
    </failure>
  </testcase> <!-- goToAmazonWithChrome -->
  <testcase classname="qa.test.processRun" name="goToAmazonWithSafari" time="0.0">
    <failure type="org.testng.TestNGException" message="
Parameter &amp;apos;safari&amp;apos; is required by @Test on method goToAmazonWithSafari but has not been marked @Optional or defined
in /Users/rmaurya/git/repository/SeleniumFramework/testng1.xml">
      <![CDATA[org.testng.TestNGException: 
Parameter 'safari' is required by @Test on method goToAmazonWithSafari but has not been marked @Optional or defined
in /Users/rmaurya/git/repository/SeleniumFramework/testng1.xml
at java.base/java.util.ArrayList.forEach(ArrayList.java:1597)
at java.base/java.util.concurrent.FutureTask.run(FutureTask.java:317)
at java.base/java.util.concurrent.ThreadPoolExecutor.runWorker(ThreadPoolExecutor.java:1144)
at java.base/java.util.concurrent.ThreadPoolExecutor$Worker.run(ThreadPoolExecutor.java:642)
at java.base/java.lang.Thread.run(Thread.java:1575)
... Removed 16 stack frames]]>
    </failure>
  </testcase> <!-- goToAmazonWithSafari -->
</testsuite> <!-- Test -->
