<?xml version="1.0" encoding="UTF-8"?>
<testng-results ignored="0" total="1" passed="1" failed="0" skipped="0">
  <reporter-output>
  </reporter-output>
  <suite started-at="2025-04-20T20:19:57 IST" name="Suite" finished-at="2025-04-20T20:20:05 IST" duration-ms="8169">
    <groups>
    </groups>
    <test started-at="2025-04-20T20:19:57 IST" name="Test" finished-at="2025-04-20T20:20:05 IST" duration-ms="8169">
      <class name="qa.test.processRun">
        <test-method is-config="true" signature="beforeTestMethod()[pri:0, instance:qa.test.processRun@24aed80c]" started-at="2025-04-20T20:19:57 IST" name="beforeTestMethod" finished-at="2025-04-20T20:19:57 IST" duration-ms="75" status="PASS">
          <reporter-output>
          </reporter-output>
        </test-method> <!-- beforeTestMethod -->
        <test-method is-config="true" signature="beforeMethodMethod(java.lang.String,java.lang.reflect.Method)[pri:0, instance:qa.test.processRun@24aed80c]" started-at="2025-04-20T20:19:57 IST" name="beforeMethodMethod" finished-at="2025-04-20T20:20:04 IST" duration-ms="6734" status="PASS">
          <params>
            <param index="0">
              <value>
                <![CDATA[chrome]]>
              </value>
            </param>
            <param index="1">
              <value>
                <![CDATA[public void qa.test.processRun.goToAmazon()]]>
              </value>
            </param>
          </params>
          <reporter-output>
          </reporter-output>
        </test-method> <!-- beforeMethodMethod -->
        <test-method signature="goToAmazon()[pri:0, instance:qa.test.processRun@24aed80c]" started-at="2025-04-20T20:20:04 IST" name="goToAmazon" finished-at="2025-04-20T20:20:05 IST" duration-ms="1153" status="PASS">
          <reporter-output>
          </reporter-output>
        </test-method> <!-- goToAmazon -->
        <test-method is-config="true" signature="afterMethod(org.testng.ITestResult)[pri:0, instance:qa.test.processRun@24aed80c]" started-at="2025-04-20T20:20:05 IST" name="afterMethod" finished-at="2025-04-20T20:20:05 IST" duration-ms="108" status="PASS">
          <params>
            <param index="0">
              <value>
                <![CDATA[[TestResult name=goToAmazon status=SUCCESS method=processRun.goToAmazon()[pri:0, instance:qa.test.processRun@24aed80c] output={null}]]]>
              </value>
            </param>
          </params>
          <reporter-output>
          </reporter-output>
        </test-method> <!-- afterMethod -->
        <test-method is-config="true" signature="afterTestMethod()[pri:0, instance:qa.test.processRun@24aed80c]" started-at="2025-04-20T20:20:05 IST" name="afterTestMethod" finished-at="2025-04-20T20:20:05 IST" duration-ms="86" status="PASS">
          <reporter-output>
          </reporter-output>
        </test-method> <!-- afterTestMethod -->
      </class> <!-- qa.test.processRun -->
    </test> <!-- Test -->
  </suite> <!-- Suite -->
</testng-results>
